<?xml version="1.0" encoding="UTF-8"?>
<!-- Generated by org.testng.reporters.JUnitReportReporter -->
<testsuite hostname="Kapils-MacBook-Pro.local" failures="0" tests="1" name="testng.BeforeGroupsdemo" time="0.006" errors="0" timestamp="2020-02-29T14:47:24 IST" skipped="0">
  <testcase classname="testng.BeforeGroupsdemo" name="b_test_in_BeforeGroupsdemo_class" time="0.006"/>
  <system-out/>
</testsuite> <!-- testng.BeforeGroupsdemo -->
