<?xml version="1.0" encoding="UTF-8"?>
<!-- Generated by org.testng.reporters.JUnitReportReporter -->
<testsuite hostname="Kapils-MacBook-Pro.local" failures="0" tests="1" name="testng.Timeout" time="0.027" errors="0" timestamp="2020-03-01T09:03:48 IST" skipped="0">
  <testcase classname="testng.Timeout" name="f" time="0.027"/>
  <system-out/>
</testsuite> <!-- testng.Timeout -->
