<?xml version="1.0" encoding="UTF-8"?>
<!-- Generated by org.testng.reporters.JUnitReportReporter -->
<testsuite hostname="Kapils-MacBook-Pro.local" failures="0" tests="4" name="testng.PriorityDemo" time="0.019" errors="0" timestamp="2020-02-29T12:46:43 IST" skipped="0">
  <testcase classname="testng.PriorityDemo" name="a_test_in_priority_demo_class" time="0.013"/>
  <system-out/>
  <testcase classname="testng.PriorityDemo" name="c_test_in_priority_demo_class" time="0.002"/>
  <system-out/>
  <testcase classname="testng.PriorityDemo" name="b_test_in_priority_demo_class" time="0.001"/>
  <system-out/>
  <testcase classname="testng.PriorityDemo" name="d_test_in_priority_demo_class" time="0.003"/>
  <system-out/>
</testsuite> <!-- testng.PriorityDemo -->
