<?xml version="1.0" encoding="UTF-8"?>
<!-- Generated by org.testng.reporters.JUnitReportReporter -->
<testsuite hostname="Kapils-MacBook-Pro.local" failures="0" tests="1" name="testng.SeleniumGrid" time="9.977" errors="0" timestamp="2020-03-06T18:52:59 IST" skipped="0">
  <testcase classname="testng.SeleniumGrid" name="testGrid" time="9.977"/>
  <system-out/>
</testsuite> <!-- testng.SeleniumGrid -->
