<?xml version="1.0" encoding="UTF-8"?>
<!-- Generated by org.testng.reporters.JUnitReportReporter -->
<testsuite hostname="Kapils-MacBook-Pro.local" failures="0" tests="4" name="testng.BeforeAfterDemo" time="0.016" errors="0" timestamp="2020-02-29T14:21:12 IST" skipped="0">
  <testcase classname="testng.BeforeAfterDemo" name="b_test_in_before_after_demo_class" time="0.002"/>
  <system-out/>
  <testcase classname="testng.BeforeAfterDemo" name="d_test_in_before_after_demo_class" time="0.003"/>
  <system-out/>
  <testcase classname="testng.BeforeAfterDemo" name="c_test_in_before_after_demo_class" time="0.003"/>
  <system-out/>
  <testcase classname="testng.BeforeAfterDemo" name="a_test_in_before_after_demo_class" time="0.008"/>
  <system-out/>
</testsuite> <!-- testng.BeforeAfterDemo -->
