<?xml version="1.0" encoding="UTF-8"?>
<!-- Generated by org.testng.reporters.JUnitReportReporter -->
<testsuite hostname="Kapils-MacBook-Pro.local" failures="0" tests="2" name="testng.TestNGClass1" time="0.003" errors="0" timestamp="2020-03-07T09:11:10 IST" skipped="0">
  <testcase classname="testng.TestNGClass1" name="test1TestNGClass1" time="0.001"/>
  <system-out/>
  <testcase classname="testng.TestNGClass1" name="test2TestNGClass1" time="0.002"/>
  <system-out/>
</testsuite> <!-- testng.TestNGClass1 -->
