<?xml version="1.0" encoding="UTF-8"?>
<!-- Generated by org.testng.reporters.JUnitReportReporter -->
<testsuite hostname="Kapils-MacBook-Pro.local" failures="0" tests="5" name="testng.firstTestng" time="0.020" errors="0" timestamp="2020-02-29T12:41:59 IST" skipped="0">
  <testcase classname="testng.firstTestng" name="c_test_in_firstTestng_class" time="0.002"/>
  <system-out/>
  <testcase classname="testng.firstTestng" name="f_in_firstTestng_class" time="0.003"/>
  <system-out/>
  <testcase classname="testng.firstTestng" name="b_test_in_firstTestng_class" time="0.004"/>
  <system-out/>
  <testcase classname="testng.firstTestng" name="a_test_in_firstTestng_class" time="0.009"/>
  <system-out/>
  <testcase classname="testng.firstTestng" name="d_test_in_firstTestng_class" time="0.002"/>
  <system-out/>
</testsuite> <!-- testng.firstTestng -->
