<?xml version="1.0" encoding="UTF-8"?>
<!-- Generated by org.testng.reporters.JUnitReportReporter -->
<testsuite hostname="Kapils-MacBook-Pro.local" failures="0" tests="10" name="testng.InvocationCount" time="0.034" errors="0" timestamp="2020-02-29T14:56:22 IST" skipped="0">
  <testcase classname="testng.InvocationCount" name="f" time="0.012"/>
  <system-out/>
  <testcase classname="testng.InvocationCount" name="f" time="0.001"/>
  <system-out/>
  <testcase classname="testng.InvocationCount" name="f" time="0.003"/>
  <system-out/>
  <testcase classname="testng.InvocationCount" name="f" time="0.002"/>
  <system-out/>
  <testcase classname="testng.InvocationCount" name="f" time="0.002"/>
  <system-out/>
  <testcase classname="testng.InvocationCount" name="f" time="0.002"/>
  <system-out/>
  <testcase classname="testng.InvocationCount" name="f" time="0.003"/>
  <system-out/>
  <testcase classname="testng.InvocationCount" name="f" time="0.002"/>
  <system-out/>
  <testcase classname="testng.InvocationCount" name="f" time="0.002"/>
  <system-out/>
  <testcase classname="testng.InvocationCount" name="f" time="0.005"/>
  <system-out/>
</testsuite> <!-- testng.InvocationCount -->
