<?xml version="1.0" encoding="UTF-8"?>
<!-- Generated by org.testng.reporters.JUnitReportReporter -->
<testsuite hostname="Kapils-MacBook-Pro.local" failures="0" tests="2" name="testng.TestNGClass2" time="0.014" errors="0" timestamp="2020-03-07T09:11:10 IST" skipped="0">
  <testcase classname="testng.TestNGClass2" name="test2TestNGClass2" time="0.002"/>
  <system-out/>
  <testcase classname="testng.TestNGClass2" name="test1TestNGClass2" time="0.012"/>
  <system-out/>
</testsuite> <!-- testng.TestNGClass2 -->
