<?xml version="1.0" encoding="UTF-8"?>
<!-- Generated by org.testng.reporters.JUnitReportReporter -->
<testsuite hostname="Kapils-MacBook-Pro.local" failures="0" tests="1" name="testng.ParametersDemo" time="10.802" errors="0" timestamp="2020-03-07T09:20:45 IST" skipped="0">
  <testcase classname="testng.ParametersDemo" name="guruLogintest" time="10.802"/>
  <system-out/>
</testsuite> <!-- testng.ParametersDemo -->
